<?xml version="1.0" encoding="UTF-8"?>
<testng-results ignored="0" total="1" passed="1" failed="0" skipped="0">
  <reporter-output>
  </reporter-output>
  <suite started-at="2024-01-13T02:10:54Z" name="Default suite" finished-at="2024-01-13T02:11:01Z" duration-ms="6307">
    <groups>
    </groups>
    <test started-at="2024-01-13T02:10:54Z" name="Default test" finished-at="2024-01-13T02:11:01Z" duration-ms="6307">
      <class name="test.SignUpPageTest">
        <test-method is-config="true" signature="setup()[pri:0, instance:test.SignUpPageTest@61710c6]" started-at="2024-01-12T21:10:51Z" name="setup" finished-at="2024-01-12T21:10:54Z" duration-ms="2831" status="PASS">
          <reporter-output>
          </reporter-output>
        </test-method> <!-- setup -->
        <test-method signature="signuppagetest(java.lang.String, java.lang.String, java.lang.String, java.lang.String, java.lang.String, java.lang.String, java.lang.String, java.lang.String)[pri:0, instance:test.SignUpPageTest@61710c6]" started-at="2024-01-12T21:10:55Z" name="signuppagetest" data-provider="fbData" finished-at="2024-01-12T21:11:01Z" duration-ms="5673" status="PASS">
          <params>
            <param index="0">
              <value>
                <![CDATA[kamala]]>
              </value>
            </param>
            <param index="1">
              <value>
                <![CDATA[Harris]]>
              </value>
            </param>
            <param index="2">
              <value>
                <![CDATA[enamul422@gmail.com]]>
              </value>
            </param>
            <param index="3">
              <value>
                <![CDATA[errrr]]>
              </value>
            </param>
            <param index="4">
              <value>
                <![CDATA[Nov]]>
              </value>
            </param>
            <param index="5">
              <value>
                <![CDATA[20]]>
              </value>
            </param>
            <param index="6">
              <value>
                <![CDATA[2014]]>
              </value>
            </param>
            <param index="7">
              <value>
                <![CDATA[Female]]>
              </value>
            </param>
          </params>
          <reporter-output>
          </reporter-output>
        </test-method> <!-- signuppagetest -->
      </class> <!-- test.SignUpPageTest -->
    </test> <!-- Default test -->
  </suite> <!-- Default suite -->
</testng-results>
